[2013-03-16 09:26:46] START
[2013-03-16 09:26:46] EDIT welcome/controllers/default.py: 2
[2013-10-15 22:33:50] CREATE table.py: 0
[2013-10-15 22:34:19] EDIT HW1/models/table.py: 8
[2013-10-15 22:34:27] EDIT HW1/models/table.py: 0
[2013-10-15 22:34:32] EDIT HW1/models/table.py: 0
[2013-10-15 22:34:56] EDIT HW1/models/table.py: 0
[2013-10-15 22:42:02] EDIT HW1/models/table.py: 0
[2013-10-15 22:42:05] EDIT HW1/models/table.py: 0
[2013-10-15 22:42:21] EDIT HW1/models/table.py: 0
[2013-10-15 22:42:23] EDIT HW1/models/table.py: 0
[2013-10-15 22:42:29] EDIT HW1/models/table.py: 0
[2013-10-15 22:42:49] EDIT HW1/models/table.py: 0
[2013-10-15 22:42:51] EDIT HW1/models/table.py: 0
[2013-10-15 22:42:55] EDIT HW1/models/table.py: 0
[2013-10-15 22:44:16] EDIT HW1/models/table.py: 0
[2013-10-15 22:45:30] EDIT HW1/controllers/default.py: 12
[2013-10-15 22:45:35] EDIT HW1/controllers/default.py: 0
[2013-10-15 22:45:38] EDIT HW1/controllers/default.py: 0
[2013-10-15 22:45:47] EDIT HW1/controllers/default.py: 0
[2013-10-15 22:45:52] EDIT HW1/controllers/default.py: 0
[2013-10-15 22:46:02] EDIT HW1/controllers/default.py: -1
[2013-10-15 22:57:47] EDIT HW1/views/default/index.html: -26
[2013-10-15 23:01:54] EDIT HW1/controllers/default.py: -1
[2013-10-15 23:02:09] EDIT HW1/controllers/default.py: -6
[2013-10-15 23:02:17] EDIT HW1/controllers/default.py: 0
[2013-10-15 23:02:26] EDIT HW1/controllers/default.py: 0
[2013-10-15 23:02:34] EDIT HW1/controllers/default.py: 0
[2013-10-15 23:02:50] EDIT HW1/controllers/default.py: 0
[2013-10-15 23:03:55] EDIT HW1/models/table.py: 0
[2013-10-15 23:04:18] EDIT HW1/models/table.py: 0
[2013-10-15 23:04:26] EDIT HW1/models/table.py: 0
[2013-10-15 23:04:51] EDIT HW1/models/table.py: 0
[2013-10-15 23:04:57] EDIT HW1/models/table.py: 0
[2013-10-15 23:05:27] EDIT HW1/models/table.py: 1
[2013-10-15 23:05:47] EDIT HW1/models/table.py: 0
[2013-10-15 23:05:52] EDIT HW1/models/table.py: 0
[2013-10-15 23:06:21] EDIT HW1/models/table.py: 0
[2013-10-15 23:06:43] EDIT HW1/models/table.py: 0
[2013-10-15 23:08:26] EDIT HW1/models/table.py: 0
[2013-10-15 23:12:01] EDIT HW1/controllers/default.py: 0
[2013-10-15 23:12:43] EDIT HW1/models/table.py: 0
[2013-10-15 23:13:01] EDIT HW1/models/table.py: 0
[2013-10-15 23:15:51] EDIT HW1/models/table.py: 1
[2013-10-15 23:16:18] EDIT HW1/models/table.py: 0
[2013-10-15 23:16:22] EDIT HW1/models/table.py: -1
[2013-10-15 23:17:55] EDIT HW1/views/default/index.html: 0
[2013-10-15 23:20:15] EDIT HW1/models/table.py: 0
[2013-10-15 23:21:21] EDIT HW1/models/table.py: 0
[2013-10-15 23:22:57] EDIT HW1/models/table.py: 0
[2013-10-16 00:21:00] EDIT HW1/models/table.py: -1
[2013-10-16 00:22:46] CREATE second.html: 0
[2013-10-16 00:23:18] EDIT HW1/views/second.html: 1
[2013-10-16 00:25:50] EDIT HW1/views/second.html: 0
[2013-10-16 00:27:20] EDIT HW1/views/default/index.html: 0
[2013-10-16 00:27:37] EDIT HW1/views/default/index.html: 0
[2013-10-16 00:28:38] EDIT HW1/controllers/default.py: 0
[2013-10-16 00:28:55] EDIT HW1/controllers/default.py: -1
[2013-10-16 00:30:03] EDIT HW1/views/default/index.html: 0
[2013-10-16 00:30:28] EDIT HW1/views/default/index.html: 0
[2013-10-16 00:32:30] EDIT HW1/controllers/default.py: 1
[2013-10-16 00:33:05] EDIT HW1/views/default/index.html: 0
[2013-10-16 00:33:07] EDIT HW1/views/default/index.html: 0
[2013-10-16 00:33:26] EDIT HW1/views/default/index.html: 0
[2013-10-16 00:33:40] EDIT HW1/views/default/index.html: 1
[2013-10-16 00:34:40] EDIT HW1/views/second.html: 2
[2013-10-16 00:34:50] EDIT HW1/views/second.html: 1
[2013-10-16 00:38:20] EDIT HW1/controllers/default.py: 0
[2013-10-16 00:39:22] EDIT HW1/controllers/default.py: 0
[2013-10-16 00:40:21] EDIT HW1/controllers/default.py: 0
[2013-10-16 00:40:33] EDIT HW1/controllers/default.py: 0
[2013-10-16 00:41:00] EDIT HW1/controllers/default.py: 1
[2013-10-16 00:41:18] EDIT HW1/controllers/default.py: 0
[2013-10-16 00:41:21] EDIT HW1/controllers/default.py: 0
[2013-10-16 00:41:40] EDIT HW1/controllers/default.py: -1
[2013-10-16 00:42:56] EDIT HW1/controllers/default.py: 5
[2013-10-16 00:43:09] EDIT HW1/controllers/default.py: -5
[2013-10-16 00:57:41] EDIT HW1/models/table.py: 1
[2013-10-16 01:01:47] EDIT HW1/controllers/default.py: 1
[2013-10-16 01:03:04] EDIT HW1/controllers/default.py: 0
[2013-10-16 01:03:53] EDIT HW1/controllers/default.py: 0
[2013-10-16 01:06:12] EDIT HW1/views/default/index.html: 0
[2013-10-16 01:07:18] EDIT HW1/views/default/index.html: 0
[2013-10-16 01:07:39] EDIT HW1/controllers/default.py: 0
[2013-10-16 15:29:54] EDIT HW1/controllers/default.py: 1
[2013-10-16 15:30:31] EDIT HW1/controllers/default.py: 2
[2013-10-16 15:30:33] EDIT HW1/controllers/default.py: 0
[2013-10-16 15:35:02] EDIT HW1/views/default/index.html: 0
[2013-10-16 15:41:19] EDIT HW1/models/table.py: 0
[2013-10-16 15:43:51] EDIT HW1/models/table.py: 0
[2013-10-16 15:44:12] EDIT HW1/models/table.py: 0
[2013-10-16 15:44:32] EDIT HW1/models/table.py: 0
[2013-10-16 15:45:00] EDIT HW1/models/table.py: 0
[2013-10-16 15:45:20] EDIT HW1/models/table.py: 0
[2013-10-16 15:57:34] CREATE add.html: 0
[2013-10-16 15:57:46] EDIT HW1/views/add.html: 3
[2013-10-16 16:03:40] EDIT HW1/models/table.py: 2
[2013-10-16 16:03:42] EDIT HW1/models/table.py: 0
[2013-10-16 16:11:48] EDIT HW1/models/table.py: 0
[2013-10-16 16:12:09] EDIT HW1/models/table.py: 1
[2013-10-16 16:13:01] EDIT HW1/models/table.py: 0
[2013-10-16 16:13:01] EDIT HW1/models/table.py: 0
[2013-10-16 16:14:25] EDIT HW1/models/table.py: 1
[2013-10-16 16:14:46] EDIT HW1/models/table.py: 2
[2013-10-16 16:16:20] EDIT HW1/models/table.py: 0
[2013-10-16 16:33:24] EDIT HW1/views/default/index.html: 4
[2013-10-16 16:33:43] EDIT HW1/views/default/index.html: 2
[2013-10-16 16:34:01] EDIT HW1/controllers/default.py: 0
[2013-10-16 16:41:43] EDIT HW1/controllers/default.py: 0
[2013-10-16 16:42:51] EDIT HW1/views/default/index.html: -8
[2013-10-16 16:43:34] EDIT HW1/views/default/index.html: -1
[2013-10-16 16:46:08] EDIT HW1/controllers/default.py: 1
[2013-10-16 16:49:33] EDIT HW1/views/default/index.html: 4
[2013-10-16 16:49:43] EDIT HW1/views/default/index.html: 1
[2013-10-16 16:50:27] EDIT HW1/views/default/index.html: 0
[2013-10-16 16:51:16] EDIT HW1/views/default/index.html: 0
[2013-10-16 16:53:18] EDIT HW1/controllers/default.py: 6
[2013-10-16 16:53:18] EDIT HW1/controllers/default.py: 0
[2013-10-16 16:54:41] EDIT HW1/controllers/default.py: 1
[2013-10-16 16:54:42] EDIT HW1/controllers/default.py: 0
[2013-10-16 17:19:10] EDIT HW1/views/default/index.html: 2
[2013-10-16 19:27:31] EDIT HW1/controllers/default.py: 0
[2013-10-16 19:32:12] EDIT HW1/controllers/default.py: 3
[2013-10-16 19:33:20] EDIT HW1/controllers/default.py: 0
[2013-10-16 19:34:04] EDIT HW1/controllers/default.py: 0
[2013-10-16 19:34:12] EDIT HW1/controllers/default.py: 0
[2013-10-16 19:34:18] EDIT HW1/controllers/default.py: 0
[2013-10-16 19:34:26] EDIT HW1/controllers/default.py: 0
[2013-10-16 19:36:08] EDIT HW1/controllers/default.py: 0
[2013-10-16 19:36:30] EDIT HW1/controllers/default.py: 0
[2013-10-16 19:36:35] EDIT HW1/controllers/default.py: 0
[2013-10-16 19:36:48] EDIT HW1/controllers/default.py: 0
[2013-10-16 19:36:50] EDIT HW1/controllers/default.py: 0
[2013-10-16 19:37:44] EDIT HW1/controllers/default.py: -3
[2013-10-16 19:37:55] EDIT HW1/controllers/default.py: 1
[2013-10-16 19:38:09] EDIT HW1/controllers/default.py: 0
[2013-10-16 19:38:11] EDIT HW1/controllers/default.py: 0
[2013-10-16 19:39:10] EDIT HW1/controllers/default.py: 2
[2013-10-16 19:39:53] EDIT HW1/controllers/default.py: 0
[2013-10-16 19:39:54] EDIT HW1/controllers/default.py: 0
[2013-10-16 19:39:56] EDIT HW1/controllers/default.py: 0
[2013-10-16 19:40:15] EDIT HW1/controllers/default.py: 0
[2013-10-16 19:41:16] EDIT HW1/controllers/default.py: 0
[2013-10-16 19:42:57] EDIT HW1/controllers/default.py: 0
[2013-10-16 19:44:52] EDIT HW1/models/table.py: -1
[2013-10-16 19:45:44] EDIT HW1/models/table.py: 0
[2013-10-16 19:45:54] EDIT HW1/models/table.py: 0
[2013-10-16 19:46:47] EDIT HW1/controllers/default.py: 0
[2013-10-16 19:46:54] EDIT HW1/controllers/default.py: 0
[2013-10-16 19:46:59] EDIT HW1/controllers/default.py: 0
[2013-10-16 19:47:44] EDIT HW1/controllers/default.py: 0
[2013-10-16 19:49:05] EDIT HW1/controllers/default.py: 0
[2013-10-16 19:53:13] EDIT HW1/views/default/index.html: 0
[2013-10-16 19:55:12] EDIT HW1/controllers/default.py: 0
[2013-10-16 20:03:00] EDIT HW1/controllers/default.py: 5
[2013-10-16 20:03:04] EDIT HW1/controllers/default.py: 0
[2013-10-16 20:04:32] EDIT HW1/controllers/default.py: 1
[2013-10-16 20:05:01] EDIT HW1/controllers/default.py: 0
[2013-10-16 20:06:12] EDIT HW1/controllers/default.py: 2
[2013-10-16 20:06:52] EDIT HW1/controllers/default.py: 0
[2013-10-16 20:07:14] EDIT HW1/controllers/default.py: 0
[2013-10-16 20:09:13] EDIT HW1/controllers/default.py: 3
[2013-10-16 20:09:15] EDIT HW1/controllers/default.py: 0
[2013-10-16 20:20:19] EDIT HW1/controllers/default.py: 0
[2013-10-16 20:20:56] EDIT HW1/controllers/default.py: 0
[2013-10-16 20:21:14] EDIT HW1/controllers/default.py: 0
[2013-10-16 21:13:44] EDIT HW1/controllers/default.py: 0
[2013-10-16 21:13:46] EDIT HW1/controllers/default.py: 0
[2013-10-16 21:17:13] EDIT HW1/controllers/default.py: 0
[2013-10-16 21:45:30] EDIT HW1/views/add.html: -2
[2013-10-16 21:47:27] EDIT HW1/controllers/default.py: 2
[2013-10-16 21:48:47] EDIT HW1/views/add.html: -1
[2013-10-16 21:49:54] EDIT HW1/controllers/default.py: 0
[2013-10-16 21:50:07] EDIT HW1/views/default/index.html: 1
[2013-10-16 21:50:51] EDIT HW1/views/default/index.html: -1
[2013-10-16 21:52:27] EDIT HW1/controllers/default.py: 0
[2013-10-16 21:53:11] EDIT HW1/controllers/default.py: 0
[2013-10-16 21:53:26] EDIT HW1/views/default/index.html: 1
[2013-10-16 21:54:10] EDIT HW1/views/default/index.html: 0
[2013-10-16 21:58:26] EDIT HW1/controllers/default.py: 0
[2013-10-16 21:58:32] EDIT HW1/controllers/default.py: 0
[2013-10-16 21:58:34] EDIT HW1/controllers/default.py: 0
[2013-10-16 21:58:57] EDIT HW1/views/default/index.html: 0
[2013-10-16 22:00:13] EDIT HW1/controllers/default.py: 0
[2013-10-16 22:00:15] EDIT HW1/views/default/index.html: 0
[2013-10-16 22:00:23] EDIT HW1/controllers/default.py: 0
[2013-10-16 22:00:58] CREATE view.html: 0
[2013-10-16 22:01:15] EDIT HW1/views/view.html: -1
[2013-10-16 22:01:55] EDIT HW1/views/view.html: 0
[2013-10-16 22:02:11] EDIT HW1/views/default/index.html: -1
[2013-10-16 22:02:57] EDIT HW1/controllers/default.py: 0
[2013-10-16 22:03:17] EDIT HW1/controllers/default.py: 0
[2013-10-16 22:03:20] EDIT HW1/controllers/default.py: 0
[2013-10-16 22:08:28] EDIT HW1/controllers/default.py: -3
[2013-10-16 22:08:41] EDIT HW1/controllers/default.py: -1
[2013-10-16 22:08:49] EDIT HW1/controllers/default.py: 0
